1748155959677|1|statement|connection 0|url jdbc:p6spy:h2:tcp://localhost/~/datajpa|create global temporary table HTE_member(rn_ integer not null, id bigint, username varchar(255), primary key (rn_)) TRANSACTIONAL|create global temporary table HTE_member(rn_ integer not null, id bigint, username varchar(255), primary key (rn_)) TRANSACTIONAL
1748155959712|0|statement|connection 0|url jdbc:p6spy:h2:tcp://localhost/~/datajpa|     drop table if exists member cascade |     drop table if exists member cascade 
1748155959712|0|statement|connection 0|url jdbc:p6spy:h2:tcp://localhost/~/datajpa|     drop sequence if exists member_seq|     drop sequence if exists member_seq
1748155959714|0|statement|connection 0|url jdbc:p6spy:h2:tcp://localhost/~/datajpa|     create sequence member_seq start with 1 increment by 50|     create sequence member_seq start with 1 increment by 50
1748155959715|0|statement|connection 0|url jdbc:p6spy:h2:tcp://localhost/~/datajpa|     create table member (         id bigint not null,         username varchar(255),         primary key (id)     )|     create table member (         id bigint not null,         username varchar(255),         primary key (id)     )
1748155960073|1|statement|connection 0|url jdbc:p6spy:h2:tcp://localhost/~/datajpa|select next value for member_seq|select next value for member_seq
1748155960102|0|statement|connection 0|url jdbc:p6spy:h2:tcp://localhost/~/datajpa|insert into member (username,id) values (?,?)|insert into member (username,id) values ('memberA',1)
1748155960103|0|commit|connection 0|url jdbc:p6spy:h2:tcp://localhost/~/datajpa||
1748155966615|1|statement|connection 0|url jdbc:p6spy:h2:tcp://localhost/~/datajpa|create global temporary table HTE_member(rn_ integer not null, id bigint, username varchar(255), primary key (rn_)) TRANSACTIONAL|create global temporary table HTE_member(rn_ integer not null, id bigint, username varchar(255), primary key (rn_)) TRANSACTIONAL
1748155966645|0|statement|connection 0|url jdbc:p6spy:h2:tcp://localhost/~/datajpa|     drop table if exists member cascade |     drop table if exists member cascade 
1748155966645|0|statement|connection 0|url jdbc:p6spy:h2:tcp://localhost/~/datajpa|     drop sequence if exists member_seq|     drop sequence if exists member_seq
1748155966646|0|statement|connection 0|url jdbc:p6spy:h2:tcp://localhost/~/datajpa|     create sequence member_seq start with 1 increment by 50|     create sequence member_seq start with 1 increment by 50
1748155966648|0|statement|connection 0|url jdbc:p6spy:h2:tcp://localhost/~/datajpa|     create table member (         id bigint not null,         username varchar(255),         primary key (id)     )|     create table member (         id bigint not null,         username varchar(255),         primary key (id)     )
1748155976340|1|statement|connection 0|url jdbc:p6spy:h2:tcp://localhost/~/datajpa|create global temporary table HTE_member(rn_ integer not null, id bigint, username varchar(255), primary key (rn_)) TRANSACTIONAL|create global temporary table HTE_member(rn_ integer not null, id bigint, username varchar(255), primary key (rn_)) TRANSACTIONAL
1748155976384|0|statement|connection 0|url jdbc:p6spy:h2:tcp://localhost/~/datajpa|     drop table if exists member cascade |     drop table if exists member cascade 
1748155976385|0|statement|connection 0|url jdbc:p6spy:h2:tcp://localhost/~/datajpa|     drop sequence if exists member_seq|     drop sequence if exists member_seq
1748155976387|0|statement|connection 0|url jdbc:p6spy:h2:tcp://localhost/~/datajpa|     create sequence member_seq start with 1 increment by 50|     create sequence member_seq start with 1 increment by 50
1748155976389|0|statement|connection 0|url jdbc:p6spy:h2:tcp://localhost/~/datajpa|     create table member (         id bigint not null,         username varchar(255),         primary key (id)     )|     create table member (         id bigint not null,         username varchar(255),         primary key (id)     )
1748155976741|1|statement|connection 0|url jdbc:p6spy:h2:tcp://localhost/~/datajpa|select next value for member_seq|select next value for member_seq
1748155976771|0|statement|connection 0|url jdbc:p6spy:h2:tcp://localhost/~/datajpa|insert into member (username,id) values (?,?)|insert into member (username,id) values ('memberA',1)
1748155976772|0|commit|connection 0|url jdbc:p6spy:h2:tcp://localhost/~/datajpa||
